#! /usr/bin/vvp
:ivl_version "11.0 (stable)";
:ivl_delay_selection "TYPICAL";
:vpi_time_precision + 0;
:vpi_module "/usr/lib/x86_64-linux-gnu/ivl/system.vpi";
:vpi_module "/usr/lib/x86_64-linux-gnu/ivl/vhdl_sys.vpi";
:vpi_module "/usr/lib/x86_64-linux-gnu/ivl/vhdl_textio.vpi";
:vpi_module "/usr/lib/x86_64-linux-gnu/ivl/v2005_math.vpi";
:vpi_module "/usr/lib/x86_64-linux-gnu/ivl/va_math.vpi";
S_0x55ea154a18b0 .scope module, "alutb" "alutb" 2 1;
 .timescale 0 0;
v0x55ea154b7b10_0 .var "Aluctrl", 3 0;
v0x55ea154b7bf0_0 .var "PC", 3 0;
v0x55ea154b7cb0_0 .var "din1", 15 0;
v0x55ea154b7db0_0 .var "din2", 15 0;
L_0x7fd7bb5a2018 .functor BUFT 1, C4<1>, C4<0>, C4<0>, C4<0>;
v0x55ea154b7e80_0 .net "done", 0 0, L_0x7fd7bb5a2018;  1 drivers
v0x55ea154b7f70_0 .net "dout", 15 0, v0x55ea154b7940_0;  1 drivers
v0x55ea154b8040 .array "temp_mem", 0 15, 3 0;
E_0x55ea1549e4e0 .event edge, v0x55ea154b7bf0_0;
S_0x55ea154a1a40 .scope module, "uut" "alu" 2 29, 3 1 0, S_0x55ea154a18b0;
 .timescale 0 0;
    .port_info 0 /INPUT 4 "Aluctrl";
    .port_info 1 /INPUT 16 "din1";
    .port_info 2 /INPUT 16 "din2";
    .port_info 3 /OUTPUT 1 "done";
    .port_info 4 /OUTPUT 16 "dout";
v0x55ea15464cf0_0 .net "Aluctrl", 3 0, v0x55ea154b7b10_0;  1 drivers
v0x55ea154b76b0_0 .net "din1", 15 0, v0x55ea154b7cb0_0;  1 drivers
v0x55ea154b7790_0 .net "din2", 15 0, v0x55ea154b7db0_0;  1 drivers
v0x55ea154b7880_0 .net "done", 0 0, L_0x7fd7bb5a2018;  alias, 1 drivers
v0x55ea154b7940_0 .var "dout", 15 0;
E_0x55ea154889b0 .event edge, v0x55ea15464cf0_0, v0x55ea154b76b0_0, v0x55ea154b7790_0;
    .scope S_0x55ea154a1a40;
T_0 ;
    %wait E_0x55ea154889b0;
    %load/vec4 v0x55ea15464cf0_0;
    %dup/vec4;
    %pushi/vec4 1, 0, 4;
    %cmp/u;
    %jmp/1 T_0.0, 6;
    %dup/vec4;
    %pushi/vec4 2, 0, 4;
    %cmp/u;
    %jmp/1 T_0.1, 6;
    %dup/vec4;
    %pushi/vec4 3, 0, 4;
    %cmp/u;
    %jmp/1 T_0.2, 6;
    %dup/vec4;
    %pushi/vec4 4, 0, 4;
    %cmp/u;
    %jmp/1 T_0.3, 6;
    %dup/vec4;
    %pushi/vec4 5, 0, 4;
    %cmp/u;
    %jmp/1 T_0.4, 6;
    %dup/vec4;
    %pushi/vec4 6, 0, 4;
    %cmp/u;
    %jmp/1 T_0.5, 6;
    %dup/vec4;
    %pushi/vec4 7, 0, 4;
    %cmp/u;
    %jmp/1 T_0.6, 6;
    %dup/vec4;
    %pushi/vec4 9, 0, 4;
    %cmp/u;
    %jmp/1 T_0.7, 6;
    %dup/vec4;
    %pushi/vec4 10, 0, 4;
    %cmp/u;
    %jmp/1 T_0.8, 6;
    %dup/vec4;
    %pushi/vec4 11, 0, 4;
    %cmp/u;
    %jmp/1 T_0.9, 6;
    %dup/vec4;
    %pushi/vec4 14, 0, 4;
    %cmp/u;
    %jmp/1 T_0.10, 6;
    %dup/vec4;
    %pushi/vec4 8, 0, 4;
    %cmp/u;
    %jmp/1 T_0.11, 6;
    %load/vec4 v0x55ea154b76b0_0;
    %store/vec4 v0x55ea154b7940_0, 0, 16;
    %jmp T_0.13;
T_0.0 ;
    %load/vec4 v0x55ea154b76b0_0;
    %load/vec4 v0x55ea154b7790_0;
    %add;
    %store/vec4 v0x55ea154b7940_0, 0, 16;
    %jmp T_0.13;
T_0.1 ;
    %load/vec4 v0x55ea154b76b0_0;
    %load/vec4 v0x55ea154b7790_0;
    %sub;
    %store/vec4 v0x55ea154b7940_0, 0, 16;
    %jmp T_0.13;
T_0.2 ;
    %load/vec4 v0x55ea154b76b0_0;
    %load/vec4 v0x55ea154b7790_0;
    %mul;
    %store/vec4 v0x55ea154b7940_0, 0, 16;
    %jmp T_0.13;
T_0.3 ;
    %load/vec4 v0x55ea154b7790_0;
    %load/vec4 v0x55ea154b76b0_0;
    %cmp/u;
    %flag_mov 8, 5;
    %jmp/0 T_0.14, 8;
    %pushi/vec4 0, 0, 16;
    %jmp/1 T_0.15, 8;
T_0.14 ; End of true expr.
    %pushi/vec4 1, 0, 16;
    %jmp/0 T_0.15, 8;
 ; End of false expr.
    %blend;
T_0.15;
    %store/vec4 v0x55ea154b7940_0, 0, 16;
    %jmp T_0.13;
T_0.4 ;
    %load/vec4 v0x55ea154b76b0_0;
    %load/vec4 v0x55ea154b7790_0;
    %cmp/e;
    %flag_mov 8, 4;
    %jmp/0 T_0.16, 8;
    %pushi/vec4 1, 0, 16;
    %jmp/1 T_0.17, 8;
T_0.16 ; End of true expr.
    %pushi/vec4 0, 0, 16;
    %jmp/0 T_0.17, 8;
 ; End of false expr.
    %blend;
T_0.17;
    %store/vec4 v0x55ea154b7940_0, 0, 16;
    %jmp T_0.13;
T_0.5 ;
    %load/vec4 v0x55ea154b76b0_0;
    %load/vec4 v0x55ea154b7790_0;
    %or;
    %store/vec4 v0x55ea154b7940_0, 0, 16;
    %jmp T_0.13;
T_0.6 ;
    %load/vec4 v0x55ea154b76b0_0;
    %load/vec4 v0x55ea154b7790_0;
    %and;
    %store/vec4 v0x55ea154b7940_0, 0, 16;
    %jmp T_0.13;
T_0.7 ;
    %load/vec4 v0x55ea154b76b0_0;
    %load/vec4 v0x55ea154b7790_0;
    %xor;
    %store/vec4 v0x55ea154b7940_0, 0, 16;
    %jmp T_0.13;
T_0.8 ;
    %load/vec4 v0x55ea154b76b0_0;
    %inv;
    %store/vec4 v0x55ea154b7940_0, 0, 16;
    %jmp T_0.13;
T_0.9 ;
    %load/vec4 v0x55ea154b76b0_0;
    %ix/getv 4, v0x55ea154b7790_0;
    %shiftl 4;
    %store/vec4 v0x55ea154b7940_0, 0, 16;
    %jmp T_0.13;
T_0.10 ;
    %load/vec4 v0x55ea154b76b0_0;
    %ix/getv 4, v0x55ea154b7790_0;
    %shiftr 4;
    %store/vec4 v0x55ea154b7940_0, 0, 16;
    %jmp T_0.13;
T_0.11 ;
    %load/vec4 v0x55ea154b76b0_0;
    %store/vec4 v0x55ea154b7940_0, 0, 16;
    %jmp T_0.13;
T_0.13 ;
    %pop/vec4 1;
    %jmp T_0;
    .thread T_0, $push;
    .scope S_0x55ea154a18b0;
T_1 ;
    %vpi_call 2 20 "$dumpfile", "ALUtb_sim.vcd" {0 0 0};
    %vpi_call 2 21 "$dumpvars", 32'sb00000000000000000000000000000000, S_0x55ea154a18b0 {0 0 0};
    %pushi/vec4 65283, 0, 16;
    %store/vec4 v0x55ea154b7cb0_0, 0, 16;
    %pushi/vec4 1, 0, 16;
    %store/vec4 v0x55ea154b7db0_0, 0, 16;
    %pushi/vec4 0, 0, 4;
    %store/vec4 v0x55ea154b7bf0_0, 0, 4;
    %vpi_call 2 25 "$readmemb", "ALUtest.mem", v0x55ea154b8040 {0 0 0};
    %delay 300, 0;
    %vpi_call 2 26 "$finish" {0 0 0};
    %end;
    .thread T_1;
    .scope S_0x55ea154a18b0;
T_2 ;
    %delay 20, 0;
    %load/vec4 v0x55ea154b7bf0_0;
    %addi 1, 0, 4;
    %assign/vec4 v0x55ea154b7bf0_0, 0;
    %jmp T_2;
    .thread T_2;
    .scope S_0x55ea154a18b0;
T_3 ;
    %wait E_0x55ea1549e4e0;
    %load/vec4 v0x55ea154b7bf0_0;
    %pad/u 6;
    %ix/vec4 4;
    %load/vec4a v0x55ea154b8040, 4;
    %assign/vec4 v0x55ea154b7b10_0, 0;
    %delay 10, 0;
    %jmp T_3;
    .thread T_3, $push;
# The file index is used to find the file name in the following table.
:file_names 4;
    "N/A";
    "<interactive>";
    "ALUtb.v";
    "ALU.v";
